--------------------------------------------------------------------------------
Release 14.7 Trace  (nt64)
Copyright (c) 1995-2013 Xilinx, Inc.  All rights reserved.

e:\Xilinx\14.7\ISE_DS\ISE\bin\nt64\unwrapped\trce.exe -intstyle ise -v 3 -s 2
-n 3 -fastpaths -xml pwm_module.twx pwm_module.ncd -o pwm_module.twr
pwm_module.pcf -ucf pwm_module.ucf

Design file:              pwm_module.ncd
Physical constraint file: pwm_module.pcf
Device,package,speed:     xc6slx9,tqg144,C,-2 (PRODUCTION 1.23 2013-10-13)
Report level:             verbose report

Environment Variable      Effect 
--------------------      ------ 
NONE                      No environment variables were set
--------------------------------------------------------------------------------

INFO:Timing:2698 - No timing constraints found, doing default enumeration.
INFO:Timing:3412 - To improve timing, see the Timing Closure User Guide (UG612).
INFO:Timing:2752 - To get complete path coverage, use the unconstrained paths 
   option. All paths that are not constrained will be reported in the 
   unconstrained paths section(s) of the report.
INFO:Timing:3339 - The clock-to-out numbers in this timing report are based on 
   a 50 Ohm transmission line loading model.  For the details of this model, 
   and for more information on accounting for different loading conditions, 
   please see the device datasheet.



Data Sheet report:
-----------------
All values displayed in nanoseconds (ns)

Setup/Hold to clock clk
------------+------------+------------+------------+------------+------------------+--------+
            |Max Setup to|  Process   |Max Hold to |  Process   |                  | Clock  |
Source      | clk (edge) |   Corner   | clk (edge) |   Corner   |Internal Clock(s) | Phase  |
------------+------------+------------+------------+------------+------------------+--------+
period<0>   |    6.053(R)|      SLOW  |   -1.884(R)|      FAST  |clk_BUFGP         |   0.000|
period<1>   |    5.774(R)|      SLOW  |   -1.767(R)|      FAST  |clk_BUFGP         |   0.000|
period<2>   |    6.128(R)|      SLOW  |   -1.922(R)|      FAST  |clk_BUFGP         |   0.000|
period<3>   |    5.749(R)|      SLOW  |   -1.693(R)|      FAST  |clk_BUFGP         |   0.000|
period<4>   |    5.825(R)|      SLOW  |   -1.787(R)|      FAST  |clk_BUFGP         |   0.000|
period<5>   |    6.004(R)|      SLOW  |   -1.906(R)|      FAST  |clk_BUFGP         |   0.000|
period<6>   |    5.604(R)|      SLOW  |   -1.652(R)|      FAST  |clk_BUFGP         |   0.000|
period<7>   |    5.898(R)|      SLOW  |   -1.818(R)|      FAST  |clk_BUFGP         |   0.000|
period<8>   |    5.820(R)|      SLOW  |   -1.747(R)|      FAST  |clk_BUFGP         |   0.000|
period<9>   |    5.583(R)|      SLOW  |   -1.649(R)|      FAST  |clk_BUFGP         |   0.000|
period<10>  |    5.756(R)|      SLOW  |   -1.688(R)|      FAST  |clk_BUFGP         |   0.000|
period<11>  |    5.235(R)|      SLOW  |   -1.434(R)|      FAST  |clk_BUFGP         |   0.000|
period<12>  |    5.283(R)|      SLOW  |   -1.450(R)|      FAST  |clk_BUFGP         |   0.000|
period<13>  |    5.569(R)|      SLOW  |   -1.630(R)|      FAST  |clk_BUFGP         |   0.000|
period<14>  |    5.359(R)|      SLOW  |   -1.490(R)|      FAST  |clk_BUFGP         |   0.000|
period<15>  |    5.299(R)|      SLOW  |   -1.426(R)|      FAST  |clk_BUFGP         |   0.000|
t_on<0>     |    4.321(R)|      SLOW  |   -1.954(R)|      FAST  |clk_BUFGP         |   0.000|
t_on<1>     |    3.906(R)|      SLOW  |   -1.725(R)|      FAST  |clk_BUFGP         |   0.000|
t_on<2>     |    4.598(R)|      SLOW  |   -2.167(R)|      FAST  |clk_BUFGP         |   0.000|
t_on<3>     |    4.372(R)|      SLOW  |   -2.027(R)|      FAST  |clk_BUFGP         |   0.000|
t_on<4>     |    4.165(R)|      SLOW  |   -1.909(R)|      FAST  |clk_BUFGP         |   0.000|
t_on<5>     |    3.804(R)|      SLOW  |   -1.730(R)|      FAST  |clk_BUFGP         |   0.000|
t_on<6>     |    4.195(R)|      SLOW  |   -1.924(R)|      FAST  |clk_BUFGP         |   0.000|
t_on<7>     |    4.176(R)|      SLOW  |   -1.949(R)|      FAST  |clk_BUFGP         |   0.000|
t_on<8>     |    3.845(R)|      SLOW  |   -1.679(R)|      FAST  |clk_BUFGP         |   0.000|
t_on<9>     |    3.939(R)|      SLOW  |   -1.749(R)|      FAST  |clk_BUFGP         |   0.000|
t_on<10>    |    3.532(R)|      SLOW  |   -1.429(R)|      FAST  |clk_BUFGP         |   0.000|
t_on<11>    |    3.855(R)|      SLOW  |   -1.607(R)|      FAST  |clk_BUFGP         |   0.000|
t_on<12>    |    3.346(R)|      SLOW  |   -1.435(R)|      FAST  |clk_BUFGP         |   0.000|
t_on<13>    |    3.546(R)|      SLOW  |   -1.469(R)|      FAST  |clk_BUFGP         |   0.000|
t_on<14>    |    3.236(R)|      SLOW  |   -1.389(R)|      FAST  |clk_BUFGP         |   0.000|
t_on<15>    |    2.558(R)|      SLOW  |   -1.003(R)|      FAST  |clk_BUFGP         |   0.000|
------------+------------+------------+------------+------------+------------------+--------+

Clock clk to Pad
------------+-----------------+------------+-----------------+------------+------------------+--------+
            |Max (slowest) clk|  Process   |Min (fastest) clk|  Process   |                  | Clock  |
Destination |  (edge) to PAD  |   Corner   |  (edge) to PAD  |   Corner   |Internal Clock(s) | Phase  |
------------+-----------------+------------+-----------------+------------+------------------+--------+
period_end  |         9.634(R)|      SLOW  |         4.110(R)|      FAST  |clk_BUFGP         |   0.000|
pwm         |         9.527(R)|      SLOW  |         4.038(R)|      FAST  |clk_BUFGP         |   0.000|
------------+-----------------+------------+-----------------+------------+------------------+--------+

Clock to Setup on destination clock clk
---------------+---------+---------+---------+---------+
               | Src:Rise| Src:Fall| Src:Rise| Src:Fall|
Source Clock   |Dest:Rise|Dest:Rise|Dest:Fall|Dest:Fall|
---------------+---------+---------+---------+---------+
clk            |    4.334|         |         |         |
---------------+---------+---------+---------+---------+


Analysis completed Mon Apr 25 13:04:30 2016 
--------------------------------------------------------------------------------

Trace Settings:
-------------------------
Trace Settings 

Peak Memory Usage: 212 MB



