Release 14.7 - xst P.20131013 (nt64)
Copyright (c) 1995-2013 Xilinx, Inc.  All rights reserved.
--> Parameter TMPDIR set to xst/projnav.tmp


Total REAL time to Xst completion: 0.00 secs
Total CPU time to Xst completion: 0.07 secs
 
--> Parameter xsthdpdir set to xst


Total REAL time to Xst completion: 0.00 secs
Total CPU time to Xst completion: 0.07 secs
 
--> Reading design: pwm_module.prj

TABLE OF CONTENTS
  1) Synthesis Options Summary
  2) HDL Parsing
  3) HDL Elaboration
  4) HDL Synthesis
       4.1) HDL Synthesis Report
  5) Advanced HDL Synthesis
       5.1) Advanced HDL Synthesis Report
  6) Low Level Synthesis
  7) Partition Report
  8) Design Summary
       8.1) Primitive and Black Box Usage
       8.2) Device utilization summary
       8.3) Partition Resource Summary
       8.4) Timing Report
            8.4.1) Clock Information
            8.4.2) Asynchronous Control Signals Information
            8.4.3) Timing Summary
            8.4.4) Timing Details
            8.4.5) Cross Clock Domains Report


=========================================================================
*                      Synthesis Options Summary                        *
=========================================================================
---- Source Parameters
Input File Name                    : "pwm_module.prj"
Ignore Synthesis Constraint File   : NO

---- Target Parameters
Output File Name                   : "pwm_module"
Output Format                      : NGC
Target Device                      : xc6slx9-3-tqg144

---- Source Options
Top Module Name                    : pwm_module
Automatic FSM Extraction           : YES
FSM Encoding Algorithm             : Auto
Safe Implementation                : No
FSM Style                          : LUT
RAM Extraction                     : Yes
RAM Style                          : Auto
ROM Extraction                     : Yes
Shift Register Extraction          : YES
ROM Style                          : Auto
Resource Sharing                   : YES
Asynchronous To Synchronous        : NO
Shift Register Minimum Size        : 2
Use DSP Block                      : Auto
Automatic Register Balancing       : No

---- Target Options
LUT Combining                      : Auto
Reduce Control Sets                : Auto
Add IO Buffers                     : YES
Global Maximum Fanout              : 100000
Add Generic Clock Buffer(BUFG)     : 16
Register Duplication               : YES
Optimize Instantiated Primitives   : NO
Use Clock Enable                   : Auto
Use Synchronous Set                : Auto
Use Synchronous Reset              : Auto
Pack IO Registers into IOBs        : Auto
Equivalent register Removal        : YES

---- General Options
Optimization Goal                  : Speed
Optimization Effort                : 1
Power Reduction                    : NO
Keep Hierarchy                     : No
Netlist Hierarchy                  : As_Optimized
RTL Output                         : Yes
Global Optimization                : AllClockNets
Read Cores                         : YES
Write Timing Constraints           : NO
Cross Clock Analysis               : NO
Hierarchy Separator                : /
Bus Delimiter                      : <>
Case Specifier                     : Maintain
Slice Utilization Ratio            : 100
BRAM Utilization Ratio             : 100
DSP48 Utilization Ratio            : 100
Auto BRAM Packing                  : NO
Slice Utilization Ratio Delta      : 5

=========================================================================


=========================================================================
*                          HDL Parsing                                  *
=========================================================================
Parsing VHDL file "C:\Users\pete\Documents\GitHub\fpgabeginner\myhdl\pwm\pck_myhdl_090.vhd" into library work
Parsing package <pck_myhdl_090>.
Parsing package body <pck_myhdl_090>.
Parsing VHDL file "C:\Users\pete\Documents\GitHub\fpgabeginner\myhdl\pwm\pwm_module.vhd" into library work
Parsing entity <pwm_module>.
Parsing architecture <MyHDL> of entity <pwm_module>.

=========================================================================
*                            HDL Elaboration                            *
=========================================================================

Elaborating entity <pwm_module> (architecture <MyHDL>) from library <work>.

=========================================================================
*                           HDL Synthesis                               *
=========================================================================

Synthesizing Unit <pwm_module>.
    Related source file is "C:\Users\pete\Documents\GitHub\fpgabeginner\myhdl\pwm\pwm_module.vhd".
    Found 1-bit register for signal <period_end>.
    Found 1-bit register for signal <pwm>.
    Found 16-bit register for signal <count>.
    Found 16-bit adder for signal <count[15]_GND_6_o_add_1_OUT> created at line 1241.
    Found 16-bit comparator equal for signal <count[15]_period[15]_equal_1_o> created at line 41
    Found 16-bit comparator lessequal for signal <t_on[15]_count[15]_LessThan_4_o> created at line 48
    Summary:
	inferred   1 Adder/Subtractor(s).
	inferred  18 D-type flip-flop(s).
	inferred   2 Comparator(s).
Unit <pwm_module> synthesized.

=========================================================================
HDL Synthesis Report

Macro Statistics
# Adders/Subtractors                                   : 1
 16-bit adder                                          : 1
# Registers                                            : 3
 1-bit register                                        : 2
 16-bit register                                       : 1
# Comparators                                          : 2
 16-bit comparator equal                               : 1
 16-bit comparator lessequal                           : 1

=========================================================================

=========================================================================
*                       Advanced HDL Synthesis                          *
=========================================================================


Synthesizing (advanced) Unit <pwm_module>.
The following registers are absorbed into counter <count>: 1 register on signal <count>.
Unit <pwm_module> synthesized (advanced).

=========================================================================
Advanced HDL Synthesis Report

Macro Statistics
# Counters                                             : 1
 16-bit up counter                                     : 1
# Registers                                            : 2
 Flip-Flops                                            : 2
# Comparators                                          : 2
 16-bit comparator equal                               : 1
 16-bit comparator lessequal                           : 1

=========================================================================

=========================================================================
*                         Low Level Synthesis                           *
=========================================================================

Optimizing unit <pwm_module> ...

Mapping all equations...
Building and optimizing final netlist ...
Found area constraint ratio of 100 (+ 5) on block pwm_module, actual ratio is 0.

Final Macro Processing ...

=========================================================================
Final Register Report

Macro Statistics
# Registers                                            : 18
 Flip-Flops                                            : 18

=========================================================================

=========================================================================
*                           Partition Report                            *
=========================================================================

Partition Implementation Status
-------------------------------

  No Partitions were found in this design.

-------------------------------

=========================================================================
*                            Design Summary                             *
=========================================================================

Top Level Output File Name         : pwm_module.ngc

Primitive and Black Box Usage:
------------------------------
# BELS                             : 101
#      GND                         : 1
#      INV                         : 1
#      LUT1                        : 15
#      LUT2                        : 17
#      LUT4                        : 16
#      LUT6                        : 5
#      MUXCY                       : 29
#      VCC                         : 1
#      XORCY                       : 16
# FlipFlops/Latches                : 18
#      FD                          : 18
# Clock Buffers                    : 1
#      BUFGP                       : 1
# IO Buffers                       : 34
#      IBUF                        : 32
#      OBUF                        : 2

Device utilization summary:
---------------------------

Selected Device : 6slx9tqg144-3 


Slice Logic Utilization: 
 Number of Slice Registers:              18  out of  11440     0%  
 Number of Slice LUTs:                   54  out of   5720     0%  
    Number used as Logic:                54  out of   5720     0%  

Slice Logic Distribution: 
 Number of LUT Flip Flop pairs used:     56
   Number with an unused Flip Flop:      38  out of     56    67%  
   Number with an unused LUT:             2  out of     56     3%  
   Number of fully used LUT-FF pairs:    16  out of     56    28%  
   Number of unique control sets:         1

IO Utilization: 
 Number of IOs:                          35
 Number of bonded IOBs:                  35  out of    102    34%  

Specific Feature Utilization:
 Number of BUFG/BUFGCTRLs:                1  out of     16     6%  

---------------------------
Partition Resource Summary:
---------------------------

  No Partitions were found in this design.

---------------------------


=========================================================================
Timing Report

NOTE: THESE TIMING NUMBERS ARE ONLY A SYNTHESIS ESTIMATE.
      FOR ACCURATE TIMING INFORMATION PLEASE REFER TO THE TRACE REPORT
      GENERATED AFTER PLACE-and-ROUTE.

Clock Information:
------------------
-----------------------------------+------------------------+-------+
Clock Signal                       | Clock buffer(FF name)  | Load  |
-----------------------------------+------------------------+-------+
clk                                | BUFGP                  | 18    |
-----------------------------------+------------------------+-------+

Asynchronous Control Signals Information:
----------------------------------------
No asynchronous control signals found in this design

Timing Summary:
---------------
Speed Grade: -3

   Minimum period: 3.404ns (Maximum Frequency: 293.742MHz)
   Minimum input arrival time before clock: 4.210ns
   Maximum output required time after clock: 3.597ns
   Maximum combinational path delay: No path found

Timing Details:
---------------
All values displayed in nanoseconds (ns)

=========================================================================
Timing constraint: Default period analysis for Clock 'clk'
  Clock period: 3.404ns (frequency: 293.742MHz)
  Total number of paths / destination ports: 440 / 18
-------------------------------------------------------------------------
Delay:               3.404ns (Levels of Logic = 8)
  Source:            count_2 (FF)
  Destination:       count_0 (FF)
  Source Clock:      clk rising
  Destination Clock: clk rising

  Data Path: count_2 to count_0
                                Gate     Net
    Cell:in->out      fanout   Delay   Delay  Logical Name (Net Name)
    ----------------------------------------  ------------
     FD:C->Q               4   0.447   0.912  count_2 (count_2)
     LUT6:I3->O            1   0.205   0.000  Mcompar_count[15]_period[15]_equal_1_o_lut<0> (Mcompar_count[15]_period[15]_equal_1_o_lut<0>)
     MUXCY:S->O            1   0.172   0.000  Mcompar_count[15]_period[15]_equal_1_o_cy<0> (Mcompar_count[15]_period[15]_equal_1_o_cy<0>)
     MUXCY:CI->O           1   0.019   0.000  Mcompar_count[15]_period[15]_equal_1_o_cy<1> (Mcompar_count[15]_period[15]_equal_1_o_cy<1>)
     MUXCY:CI->O           1   0.019   0.000  Mcompar_count[15]_period[15]_equal_1_o_cy<2> (Mcompar_count[15]_period[15]_equal_1_o_cy<2>)
     MUXCY:CI->O           1   0.019   0.000  Mcompar_count[15]_period[15]_equal_1_o_cy<3> (Mcompar_count[15]_period[15]_equal_1_o_cy<3>)
     MUXCY:CI->O           1   0.019   0.000  Mcompar_count[15]_period[15]_equal_1_o_cy<4> (Mcompar_count[15]_period[15]_equal_1_o_cy<4>)
     MUXCY:CI->O          17   0.258   1.028  Mcompar_count[15]_period[15]_equal_1_o_cy<5> (count[15]_period[15]_equal_1_o)
     LUT2:I1->O            1   0.205   0.000  count_0_rstpot (count_0_rstpot)
     FD:D                      0.102          count_0
    ----------------------------------------
    Total                      3.404ns (1.465ns logic, 1.939ns route)
                                       (43.0% logic, 57.0% route)

=========================================================================
Timing constraint: Default OFFSET IN BEFORE for Clock 'clk'
  Total number of paths / destination ports: 304 / 18
-------------------------------------------------------------------------
Offset:              4.210ns (Levels of Logic = 9)
  Source:            period<2> (PAD)
  Destination:       count_0 (FF)
  Destination Clock: clk rising

  Data Path: period<2> to count_0
                                Gate     Net
    Cell:in->out      fanout   Delay   Delay  Logical Name (Net Name)
    ----------------------------------------  ------------
     IBUF:I->O             1   1.222   0.944  period_2_IBUF (period_2_IBUF)
     LUT6:I0->O            1   0.203   0.000  Mcompar_count[15]_period[15]_equal_1_o_lut<0> (Mcompar_count[15]_period[15]_equal_1_o_lut<0>)
     MUXCY:S->O            1   0.172   0.000  Mcompar_count[15]_period[15]_equal_1_o_cy<0> (Mcompar_count[15]_period[15]_equal_1_o_cy<0>)
     MUXCY:CI->O           1   0.019   0.000  Mcompar_count[15]_period[15]_equal_1_o_cy<1> (Mcompar_count[15]_period[15]_equal_1_o_cy<1>)
     MUXCY:CI->O           1   0.019   0.000  Mcompar_count[15]_period[15]_equal_1_o_cy<2> (Mcompar_count[15]_period[15]_equal_1_o_cy<2>)
     MUXCY:CI->O           1   0.019   0.000  Mcompar_count[15]_period[15]_equal_1_o_cy<3> (Mcompar_count[15]_period[15]_equal_1_o_cy<3>)
     MUXCY:CI->O           1   0.019   0.000  Mcompar_count[15]_period[15]_equal_1_o_cy<4> (Mcompar_count[15]_period[15]_equal_1_o_cy<4>)
     MUXCY:CI->O          17   0.258   1.028  Mcompar_count[15]_period[15]_equal_1_o_cy<5> (count[15]_period[15]_equal_1_o)
     LUT2:I1->O            1   0.205   0.000  count_0_rstpot (count_0_rstpot)
     FD:D                      0.102          count_0
    ----------------------------------------
    Total                      4.210ns (2.238ns logic, 1.972ns route)
                                       (53.2% logic, 46.8% route)

=========================================================================
Timing constraint: Default OFFSET OUT AFTER for Clock 'clk'
  Total number of paths / destination ports: 2 / 2
-------------------------------------------------------------------------
Offset:              3.597ns (Levels of Logic = 1)
  Source:            pwm (FF)
  Destination:       pwm (PAD)
  Source Clock:      clk rising

  Data Path: pwm to pwm
                                Gate     Net
    Cell:in->out      fanout   Delay   Delay  Logical Name (Net Name)
    ----------------------------------------  ------------
     FD:C->Q               1   0.447   0.579  pwm (pwm_OBUF)
     OBUF:I->O                 2.571          pwm_OBUF (pwm)
    ----------------------------------------
    Total                      3.597ns (3.018ns logic, 0.579ns route)
                                       (83.9% logic, 16.1% route)

=========================================================================

Cross Clock Domains Report:
--------------------------

Clock to Setup on destination clock clk
---------------+---------+---------+---------+---------+
               | Src:Rise| Src:Fall| Src:Rise| Src:Fall|
Source Clock   |Dest:Rise|Dest:Rise|Dest:Fall|Dest:Fall|
---------------+---------+---------+---------+---------+
clk            |    3.404|         |         |         |
---------------+---------+---------+---------+---------+

=========================================================================


Total REAL time to Xst completion: 5.00 secs
Total CPU time to Xst completion: 4.72 secs
 
--> 

Total memory usage is 259164 kilobytes

Number of errors   :    0 (   0 filtered)
Number of warnings :    0 (   0 filtered)
Number of infos    :    0 (   0 filtered)

