Release 14.7 - xst P.20131013 (nt64)
Copyright (c) 1995-2013 Xilinx, Inc.  All rights reserved.
--> Parameter TMPDIR set to xst/projnav.tmp


Total REAL time to Xst completion: 0.00 secs
Total CPU time to Xst completion: 0.07 secs
 
--> Parameter xsthdpdir set to xst


Total REAL time to Xst completion: 0.00 secs
Total CPU time to Xst completion: 0.07 secs
 
--> Reading design: pwmModule.prj

TABLE OF CONTENTS
  1) Synthesis Options Summary
  2) HDL Parsing
  3) HDL Elaboration
  4) HDL Synthesis
       4.1) HDL Synthesis Report
  5) Advanced HDL Synthesis
       5.1) Advanced HDL Synthesis Report
  6) Low Level Synthesis
  7) Partition Report
  8) Design Summary
       8.1) Primitive and Black Box Usage
       8.2) Device utilization summary
       8.3) Partition Resource Summary
       8.4) Timing Report
            8.4.1) Clock Information
            8.4.2) Asynchronous Control Signals Information
            8.4.3) Timing Summary
            8.4.4) Timing Details
            8.4.5) Cross Clock Domains Report


=========================================================================
*                      Synthesis Options Summary                        *
=========================================================================
---- Source Parameters
Input File Name                    : "pwmModule.prj"
Ignore Synthesis Constraint File   : NO

---- Target Parameters
Output File Name                   : "pwmModule"
Output Format                      : NGC
Target Device                      : xc6slx4-3-tqg144

---- Source Options
Top Module Name                    : pwmModule
Automatic FSM Extraction           : YES
FSM Encoding Algorithm             : Auto
Safe Implementation                : No
FSM Style                          : LUT
RAM Extraction                     : Yes
RAM Style                          : Auto
ROM Extraction                     : Yes
Shift Register Extraction          : YES
ROM Style                          : Auto
Resource Sharing                   : YES
Asynchronous To Synchronous        : NO
Shift Register Minimum Size        : 2
Use DSP Block                      : Auto
Automatic Register Balancing       : No

---- Target Options
LUT Combining                      : Auto
Reduce Control Sets                : Auto
Add IO Buffers                     : YES
Global Maximum Fanout              : 100000
Add Generic Clock Buffer(BUFG)     : 16
Register Duplication               : YES
Optimize Instantiated Primitives   : NO
Use Clock Enable                   : Auto
Use Synchronous Set                : Auto
Use Synchronous Reset              : Auto
Pack IO Registers into IOBs        : Auto
Equivalent register Removal        : YES

---- General Options
Optimization Goal                  : Speed
Optimization Effort                : 1
Power Reduction                    : NO
Keep Hierarchy                     : No
Netlist Hierarchy                  : As_Optimized
RTL Output                         : Yes
Global Optimization                : AllClockNets
Read Cores                         : YES
Write Timing Constraints           : NO
Cross Clock Analysis               : NO
Hierarchy Separator                : /
Bus Delimiter                      : <>
Case Specifier                     : Maintain
Slice Utilization Ratio            : 100
BRAM Utilization Ratio             : 100
DSP48 Utilization Ratio            : 100
Auto BRAM Packing                  : NO
Slice Utilization Ratio Delta      : 5

=========================================================================


=========================================================================
*                          HDL Parsing                                  *
=========================================================================
Analyzing Verilog file "C:\Users\pete\Documents\GitHub\fpgabeginner\myhdl\pwm\pwmModule.v" into library work
ERROR:HDLCompiler:806 - "C:\Users\pete\Documents\GitHub\fpgabeginner\myhdl\pwm\pwmModule.v" Line 26: Syntax error near ";".
ERROR:HDLCompiler:806 - "C:\Users\pete\Documents\GitHub\fpgabeginner\myhdl\pwm\pwmModule.v" Line 27: Syntax error near "all".
WARNING:HDLCompiler:1591 - "C:\Users\pete\Documents\GitHub\fpgabeginner\myhdl\pwm\pwmModule.v" Line 27: Root scope declaration is not allowed in verilog 95/2K mode
ERROR:HDLCompiler:806 - "C:\Users\pete\Documents\GitHub\fpgabeginner\myhdl\pwm\pwmModule.v" Line 28: Syntax error near "all".
WARNING:HDLCompiler:1591 - "C:\Users\pete\Documents\GitHub\fpgabeginner\myhdl\pwm\pwmModule.v" Line 28: Root scope declaration is not allowed in verilog 95/2K mode
ERROR:HDLCompiler:806 - "C:\Users\pete\Documents\GitHub\fpgabeginner\myhdl\pwm\pwmModule.v" Line 29: Syntax error near "all".
WARNING:HDLCompiler:1591 - "C:\Users\pete\Documents\GitHub\fpgabeginner\myhdl\pwm\pwmModule.v" Line 29: Root scope declaration is not allowed in verilog 95/2K mode
ERROR:HDLCompiler:806 - "C:\Users\pete\Documents\GitHub\fpgabeginner\myhdl\pwm\pwmModule.v" Line 31: Syntax error near "all".
WARNING:HDLCompiler:1591 - "C:\Users\pete\Documents\GitHub\fpgabeginner\myhdl\pwm\pwmModule.v" Line 31: Root scope declaration is not allowed in verilog 95/2K mode
ERROR:HDLCompiler:806 - "C:\Users\pete\Documents\GitHub\fpgabeginner\myhdl\pwm\pwmModule.v" Line 33: Syntax error near "is".
WARNING:HDLCompiler:1591 - "C:\Users\pete\Documents\GitHub\fpgabeginner\myhdl\pwm\pwmModule.v" Line 33: Root scope declaration is not allowed in verilog 95/2K mode
ERROR:HDLCompiler:806 - "C:\Users\pete\Documents\GitHub\fpgabeginner\myhdl\pwm\pwmModule.v" Line 36: Syntax error near "in".
Verilog file C:\Users\pete\Documents\GitHub\fpgabeginner\myhdl\pwm\pwmModule.v ignored due to errors
--> 

Total memory usage is 204960 kilobytes

Number of errors   :    7 (   0 filtered)
Number of warnings :    5 (   0 filtered)
Number of infos    :    0 (   0 filtered)

